#
# There is insufficient memory for the Java Runtime Environment to continue.
# Native memory allocation (mmap) failed to map 145752064 bytes for Failed to commit area from 0x000000008b900000 to 0x0000000094400000 of length 145752064.
# Possible reasons:
#   The system is out of physical RAM or swap space
#   The process is running with CompressedOops enabled, and the Java Heap may be blocking the growth of the native heap
# Possible solutions:
#   Reduce memory load on the system
#   Increase physical memory or swap space
#   Check if swap backing store is full
#   Decrease Java heap size (-Xmx/-Xms)
#   Decrease number of Java threads
#   Decrease Java thread stack sizes (-Xss)
#   Set larger code cache with -XX:ReservedCodeCacheSize=
#   JVM is running with Unscaled Compressed Oops mode in which the Java heap is
#     placed in the first 4GB address space. The Java Heap base address is the
#     maximum limit for the native heap growth. Please use -XX:HeapBaseMinAddress
#     to set the Java Heap base and to place the Java Heap above 4GB virtual address.
# This output file may be truncated or incomplete.
#
#  Out of Memory Error (./src/hotspot/os/windows/os_windows.cpp:3301), pid=18148, tid=4876
#
# JRE version: OpenJDK Runtime Environment (11.0.10) (build 11.0.10+0-b96-7249189)
# Java VM: OpenJDK 64-Bit Server VM (11.0.10+0-b96-7249189, mixed mode, tiered, compressed oops, g1 gc, windows-amd64)
# No core dump will be written. Minidumps are not enabled by default on client versions of Windows
#

---------------  S U M M A R Y ------------

Command Line: --add-opens=java.base/java.util=ALL-UNNAMED --add-opens=java.base/java.lang=ALL-UNNAMED --add-opens=java.base/java.lang.invoke=ALL-UNNAMED --add-opens=java.base/java.util=ALL-UNNAMED --add-opens=java.prefs/java.util.prefs=ALL-UNNAMED --add-opens=java.prefs/java.util.prefs=ALL-UNNAMED --add-opens=java.base/java.nio.charset=ALL-UNNAMED --add-opens=java.base/java.net=ALL-UNNAMED --add-opens=java.base/java.util.concurrent.atomic=ALL-UNNAMED -Xmx2048m -Dfile.encoding=UTF-8 -Duser.country=PH -Duser.language=en -Duser.variant org.gradle.launcher.daemon.bootstrap.GradleDaemon 7.0.2

Host: AMD Ryzen 5 2600 Six-Core Processor            , 12 cores, 7G,  Windows 10 , 64 bit Build 22000 (10.0.22000.318)
Time: Fri Nov 19 14:32:36 2021 Malay Peninsula Standard Time elapsed time: 1800.964038 seconds (0d 0h 30m 0s)

---------------  T H R E A D  ---------------

Current thread (0x0000019c2dcf8000):  VMThread "VM Thread" [stack: 0x0000005eaca00000,0x0000005eacb00000] [id=4876]

Stack: [0x0000005eaca00000,0x0000005eacb00000]
[error occurred during error reporting (printing stack bounds), id 0xc0000005, EXCEPTION_ACCESS_VIOLATION (0xc0000005) at pc=0x0000019c16f30f2d]

Native frames: (J=compiled Java code, j=interpreted, Vv=VM code, C=native code)
V  [jvm.dll+0x5ecfaa]
V  [jvm.dll+0x722bd5]
V  [jvm.dll+0x72412d]
V  [jvm.dll+0x724745]
V  [jvm.dll+0x7246fb]
V  [jvm.dll+0x5ec348]
V  [jvm.dll+0x5ecad8]
C  [ntdll.dll+0xa82ff]
C  [ntdll.dll+0x35a0a]
C  [ntdll.dll+0xa730e]
C  0x0000019c16f30f2d

VM_Operation (0x0000005eb27fd560): G1CollectForAllocation, mode: safepoint, requested by thread 0x0000019c3b89c800


---------------  P R O C E S S  ---------------

Threads class SMR info:
_java_thread_list=0x0000019c39085fd0, length=85, elements={
0x0000019c13440800, 0x0000019c2dcfa800, 0x0000019c2dd07800, 0x0000019c2e674800,
0x0000019c2e675800, 0x0000019c2e677800, 0x0000019c2e679000, 0x0000019c2dd1b000,
0x0000019c2dd1f000, 0x0000019c2e7cc800, 0x0000019c306d0800, 0x0000019c2e9fd000,
0x0000019c3065f000, 0x0000019c3010f800, 0x0000019c3010f000, 0x0000019c3010a000,
0x0000019c3010d000, 0x0000019c3010a800, 0x0000019c30110800, 0x0000019c321a4800,
0x0000019c321a1000, 0x0000019c321a5800, 0x0000019c321a0800, 0x0000019c3219f800,
0x0000019c321a6000, 0x0000019c321a7000, 0x0000019c321a8000, 0x0000019c321a3000,
0x0000019c321a3800, 0x0000019c321a2000, 0x0000019c321a9800, 0x0000019c321ab000,
0x0000019c311a4000, 0x0000019c31199000, 0x0000019c31198800, 0x0000019c31196000,
0x0000019c3119b800, 0x0000019c31197000, 0x0000019c3119a000, 0x0000019c3119c800,
0x0000019c3119d800, 0x0000019c31197800, 0x0000019c3119e000, 0x0000019c311a0800,
0x0000019c311a0000, 0x0000019c3119b000, 0x0000019c311a2000, 0x0000019c311a1800,
0x0000019c311a3000, 0x0000019c311a4800, 0x0000019c321aa000, 0x0000019c321ac000,
0x0000019c321ae800, 0x0000019c321a8800, 0x0000019c3010b800, 0x0000019c3010e000,
0x0000019c3010c800, 0x0000019c2f5a1800, 0x0000019c2f5a4000, 0x0000019c2f5a7000,
0x0000019c2f5a6000, 0x0000019c2f5a4800, 0x0000019c2f5a8000, 0x0000019c2f5a5800,
0x0000019c2f5a2000, 0x0000019c2f5a8800, 0x0000019c2f5a3000, 0x0000019c2f5ad000,
0x0000019c2f5af000, 0x0000019c2f5ad800, 0x0000019c2f5ac000, 0x0000019c2f5a9800,
0x0000019c2f5b0000, 0x0000019c3efee800, 0x0000019c31cf4000, 0x0000019c2f5ab000,
0x0000019c3b89f000, 0x0000019c3b89b800, 0x0000019c3b8a0000, 0x0000019c3b8a0800,
0x0000019c3b89b000, 0x0000019c3b8a1800, 0x0000019c3b89d800, 0x0000019c3b8a2000,
0x0000019c3b89c800
}

Java Threads: ( => current thread )
  0x0000019c13440800 JavaThread "main" [_thread_blocked, id=6196, stack(0x0000005eac400000,0x0000005eac500000)]
  0x0000019c2dcfa800 JavaThread "Reference Handler" daemon [_thread_blocked, id=22176, stack(0x0000005eacb00000,0x0000005eacc00000)]
  0x0000019c2dd07800 JavaThread "Finalizer" daemon [_thread_blocked, id=13184, stack(0x0000005eacc00000,0x0000005eacd00000)]
  0x0000019c2e674800 JavaThread "Signal Dispatcher" daemon [_thread_blocked, id=21688, stack(0x0000005eacd00000,0x0000005eace00000)]
  0x0000019c2e675800 JavaThread "Attach Listener" daemon [_thread_blocked, id=22444, stack(0x0000005eace00000,0x0000005eacf00000)]
  0x0000019c2e677800 JavaThread "Service Thread" daemon [_thread_blocked, id=19336, stack(0x0000005eacf00000,0x0000005ead000000)]
  0x0000019c2e679000 JavaThread "C2 CompilerThread0" daemon [_thread_in_native, id=16648, stack(0x0000005ead000000,0x0000005ead100000)]
  0x0000019c2dd1b000 JavaThread "C1 CompilerThread0" daemon [_thread_blocked, id=6548, stack(0x0000005ead100000,0x0000005ead200000)]
  0x0000019c2dd1f000 JavaThread "Sweeper thread" daemon [_thread_blocked, id=15024, stack(0x0000005ead200000,0x0000005ead300000)]
  0x0000019c2e7cc800 JavaThread "Common-Cleaner" daemon [_thread_blocked, id=9916, stack(0x0000005ead300000,0x0000005ead400000)]
  0x0000019c306d0800 JavaThread "Daemon health stats" [_thread_blocked, id=19676, stack(0x0000005ead800000,0x0000005ead900000)]
  0x0000019c2e9fd000 JavaThread "Incoming local TCP Connector on port 58757" [_thread_in_native, id=20416, stack(0x0000005ead500000,0x0000005ead600000)]
  0x0000019c3065f000 JavaThread "Daemon periodic checks" [_thread_blocked, id=22456, stack(0x0000005ead900000,0x0000005eada00000)]
  0x0000019c3010f800 JavaThread "Cache worker for file hash cache (C:\Users\ROG\.gradle\caches\7.0.2\fileHashes)" [_thread_blocked, id=18940, stack(0x0000005eae800000,0x0000005eae900000)]
  0x0000019c3010f000 JavaThread "File lock request listener" [_thread_in_native, id=13672, stack(0x0000005eae900000,0x0000005eaea00000)]
  0x0000019c3010a000 JavaThread "Cache worker for journal cache (C:\Users\ROG\.gradle\caches\journal-1)" [_thread_blocked, id=1112, stack(0x0000005eaec00000,0x0000005eaed00000)]
  0x0000019c3010d000 JavaThread "File watcher server" daemon [_thread_blocked, id=12384, stack(0x0000005eaef00000,0x0000005eaf000000)]
  0x0000019c3010a800 JavaThread "File watcher consumer" daemon [_thread_blocked, id=15220, stack(0x0000005eaf000000,0x0000005eaf100000)]
  0x0000019c30110800 JavaThread "jar transforms" [_thread_blocked, id=4884, stack(0x0000005eaf100000,0x0000005eaf200000)]
  0x0000019c321a4800 JavaThread "jar transforms Thread 2" [_thread_blocked, id=18412, stack(0x0000005eaf200000,0x0000005eaf300000)]
  0x0000019c321a1000 JavaThread "jar transforms Thread 3" [_thread_blocked, id=21964, stack(0x0000005eaf300000,0x0000005eaf400000)]
  0x0000019c321a5800 JavaThread "jar transforms Thread 4" [_thread_blocked, id=21612, stack(0x0000005eaf400000,0x0000005eaf500000)]
  0x0000019c321a0800 JavaThread "jar transforms Thread 5" [_thread_blocked, id=11348, stack(0x0000005eaf500000,0x0000005eaf600000)]
  0x0000019c3219f800 JavaThread "jar transforms Thread 6" [_thread_blocked, id=19620, stack(0x0000005eaf600000,0x0000005eaf700000)]
  0x0000019c321a6000 JavaThread "jar transforms Thread 7" [_thread_blocked, id=6908, stack(0x0000005eaf700000,0x0000005eaf800000)]
  0x0000019c321a7000 JavaThread "jar transforms Thread 8" [_thread_blocked, id=10916, stack(0x0000005eaf800000,0x0000005eaf900000)]
  0x0000019c321a8000 JavaThread "jar transforms Thread 9" [_thread_blocked, id=22284, stack(0x0000005eaf900000,0x0000005eafa00000)]
  0x0000019c321a3000 JavaThread "jar transforms Thread 10" [_thread_blocked, id=21588, stack(0x0000005eafa00000,0x0000005eafb00000)]
  0x0000019c321a3800 JavaThread "jar transforms Thread 11" [_thread_blocked, id=6896, stack(0x0000005eafb00000,0x0000005eafc00000)]
  0x0000019c321a2000 JavaThread "jar transforms Thread 12" [_thread_blocked, id=20076, stack(0x0000005eafc00000,0x0000005eafd00000)]
  0x0000019c321a9800 JavaThread "Cache worker for execution history cache (C:\Users\ROG\.gradle\caches\7.0.2\executionHistory)" [_thread_blocked, id=22080, stack(0x0000005eb0100000,0x0000005eb0200000)]
  0x0000019c321ab000 JavaThread "Cache worker for file content cache (C:\Users\ROG\.gradle\caches\7.0.2\fileContent)" [_thread_blocked, id=22220, stack(0x0000005eb0200000,0x0000005eb0300000)]
  0x0000019c311a4000 JavaThread "Memory manager" [_thread_blocked, id=17716, stack(0x0000005eb1100000,0x0000005eb1200000)]
  0x0000019c31199000 JavaThread "Daemon Thread 4" [_thread_blocked, id=22400, stack(0x0000005eac100000,0x0000005eac200000)]
  0x0000019c31198800 JavaThread "Handler for socket connection from /127.0.0.1:58757 to /127.0.0.1:60348" [_thread_in_native, id=22224, stack(0x0000005eac200000,0x0000005eac300000)]
  0x0000019c31196000 JavaThread "Cancel handler" [_thread_blocked, id=2188, stack(0x0000005eac300000,0x0000005eac400000)]
  0x0000019c3119b800 JavaThread "Daemon worker Thread 4" [_thread_blocked, id=12940, stack(0x0000005eada00000,0x0000005eadb00000)]
  0x0000019c31197000 JavaThread "Asynchronous log dispatcher for DefaultDaemonConnection: socket connection from /127.0.0.1:58757 to /127.0.0.1:60348" [_thread_blocked, id=20588, stack(0x0000005eadb00000,0x0000005eadc00000)]
  0x0000019c3119a000 JavaThread "Stdin handler" [_thread_blocked, id=21832, stack(0x0000005eadc00000,0x0000005eadd00000)]
  0x0000019c3119c800 JavaThread "Daemon client event forwarder" [_thread_blocked, id=11308, stack(0x0000005eadd00000,0x0000005eade00000)]
  0x0000019c3119d800 JavaThread "Cache worker for file hash cache (C:\Users\ROG\AndroidStudioProjects\Mathgeksfinal\.gradle\7.0.2\fileHashes)" [_thread_blocked, id=7960, stack(0x0000005eade00000,0x0000005eadf00000)]
  0x0000019c31197800 JavaThread "Cache worker for checksums cache (C:\Users\ROG\AndroidStudioProjects\Mathgeksfinal\.gradle\checksums)" [_thread_blocked, id=8636, stack(0x0000005eadf00000,0x0000005eae000000)]
  0x0000019c3119e000 JavaThread "Cache worker for cache directory md-supplier (C:\Users\ROG\.gradle\caches\7.0.2\md-supplier)" [_thread_blocked, id=14608, stack(0x0000005eae000000,0x0000005eae100000)]
  0x0000019c311a0800 JavaThread "Cache worker for cache directory md-rule (C:\Users\ROG\.gradle\caches\7.0.2\md-rule)" [_thread_blocked, id=18912, stack(0x0000005eaed00000,0x0000005eaee00000)]
  0x0000019c311a0000 JavaThread "Cache worker for dependencies-accessors (C:\Users\ROG\AndroidStudioProjects\Mathgeksfinal\.gradle\7.0.2\dependencies-accessors)" [_thread_blocked, id=13620, stack(0x0000005eaee00000,0x0000005eaef00000)]
  0x0000019c3119b000 JavaThread "Cache worker for Build Output Cleanup Cache (C:\Users\ROG\AndroidStudioProjects\Mathgeksfinal\.gradle\buildOutputCleanup)" [_thread_blocked, id=19704, stack(0x0000005eafd00000,0x0000005eafe00000)]
  0x0000019c311a2000 JavaThread "Build operations" [_thread_blocked, id=3912, stack(0x0000005eb0000000,0x0000005eb0100000)]
  0x0000019c311a1800 JavaThread "Build operations Thread 2" [_thread_blocked, id=21464, stack(0x0000005eb0300000,0x0000005eb0400000)]
  0x0000019c311a3000 JavaThread "Build operations Thread 3" [_thread_blocked, id=19012, stack(0x0000005eb0400000,0x0000005eb0500000)]
  0x0000019c311a4800 JavaThread "Build operations Thread 4" [_thread_blocked, id=17916, stack(0x0000005eb0500000,0x0000005eb0600000)]
  0x0000019c321aa000 JavaThread "Build operations Thread 5" [_thread_blocked, id=12824, stack(0x0000005eb0600000,0x0000005eb0700000)]
  0x0000019c321ac000 JavaThread "Build operations Thread 6" [_thread_blocked, id=21484, stack(0x0000005eb0700000,0x0000005eb0800000)]
  0x0000019c321ae800 JavaThread "Build operations Thread 7" [_thread_blocked, id=4040, stack(0x0000005eb0800000,0x0000005eb0900000)]
  0x0000019c321a8800 JavaThread "Build operations Thread 8" [_thread_blocked, id=1052, stack(0x0000005eb0900000,0x0000005eb0a00000)]
  0x0000019c3010b800 JavaThread "Build operations Thread 9" [_thread_blocked, id=14676, stack(0x0000005eb0a00000,0x0000005eb0b00000)]
  0x0000019c3010e000 JavaThread "Build operations Thread 10" [_thread_blocked, id=21716, stack(0x0000005eb0b00000,0x0000005eb0c00000)]
  0x0000019c3010c800 JavaThread "Build operations Thread 11" [_thread_blocked, id=15276, stack(0x0000005eb0c00000,0x0000005eb0d00000)]
  0x0000019c2f5a1800 JavaThread "Build operations Thread 12" [_thread_blocked, id=14396, stack(0x0000005eb0d00000,0x0000005eb0e00000)]
  0x0000019c2f5a4000 JavaThread "build event listener" [_thread_blocked, id=5636, stack(0x0000005eb0e00000,0x0000005eb0f00000)]
  0x0000019c2f5a7000 JavaThread "Execution worker for ':'" [_thread_blocked, id=10496, stack(0x0000005eb0f00000,0x0000005eb1000000)]
  0x0000019c2f5a6000 JavaThread "Execution worker for ':' Thread 2" [_thread_blocked, id=20112, stack(0x0000005eb1000000,0x0000005eb1100000)]
  0x0000019c2f5a4800 JavaThread "Execution worker for ':' Thread 3" [_thread_blocked, id=16120, stack(0x0000005eb1200000,0x0000005eb1300000)]
  0x0000019c2f5a8000 JavaThread "Execution worker for ':' Thread 4" [_thread_blocked, id=12368, stack(0x0000005eb1300000,0x0000005eb1400000)]
  0x0000019c2f5a5800 JavaThread "Execution worker for ':' Thread 5" [_thread_blocked, id=17988, stack(0x0000005eb1400000,0x0000005eb1500000)]
  0x0000019c2f5a2000 JavaThread "Execution worker for ':' Thread 6" [_thread_blocked, id=3280, stack(0x0000005eb1500000,0x0000005eb1600000)]
  0x0000019c2f5a8800 JavaThread "Execution worker for ':' Thread 7" [_thread_blocked, id=13016, stack(0x0000005eb1600000,0x0000005eb1700000)]
  0x0000019c2f5a3000 JavaThread "Execution worker for ':' Thread 8" [_thread_blocked, id=20552, stack(0x0000005eb1700000,0x0000005eb1800000)]
  0x0000019c2f5ad000 JavaThread "Execution worker for ':' Thread 9" [_thread_blocked, id=11088, stack(0x0000005eb1800000,0x0000005eb1900000)]
  0x0000019c2f5af000 JavaThread "Execution worker for ':' Thread 10" [_thread_blocked, id=21604, stack(0x0000005eb1900000,0x0000005eb1a00000)]
  0x0000019c2f5ad800 JavaThread "Execution worker for ':' Thread 11" [_thread_blocked, id=1592, stack(0x0000005eb1a00000,0x0000005eb1b00000)]
  0x0000019c2f5ac000 JavaThread "Cache worker for execution history cache (C:\Users\ROG\AndroidStudioProjects\Mathgeksfinal\.gradle\7.0.2\executionHistory)" [_thread_blocked, id=3868, stack(0x0000005eb1b00000,0x0000005eb1c00000)]
  0x0000019c2f5a9800 JavaThread "WorkerExecutor Queue" [_thread_blocked, id=21540, stack(0x0000005eb1c00000,0x0000005eb1d00000)]
  0x0000019c2f5b0000 JavaThread "WorkerExecutor Queue Thread 2" [_thread_blocked, id=17380, stack(0x0000005eb1d00000,0x0000005eb1e00000)]
  0x0000019c3efee800 JavaThread "C2 CompilerThread1" daemon [_thread_in_native, id=336, stack(0x0000005eafe00000,0x0000005eaff00000)]
  0x0000019c31cf4000 JavaThread "C2 CompilerThread2" daemon [_thread_in_native, id=20928, stack(0x0000005eaff00000,0x0000005eb0000000)]
  0x0000019c2f5ab000 JavaThread "WorkerExecutor Queue Thread 3" [_thread_blocked, id=21400, stack(0x0000005eb1e00000,0x0000005eb1f00000)]
  0x0000019c3b89f000 JavaThread "WorkerExecutor Queue Thread 4" [_thread_blocked, id=12860, stack(0x0000005eb1f00000,0x0000005eb2000000)]
  0x0000019c3b89b800 JavaThread "WorkerExecutor Queue Thread 5" [_thread_blocked, id=4888, stack(0x0000005eb2000000,0x0000005eb2100000)]
  0x0000019c3b8a0000 JavaThread "WorkerExecutor Queue Thread 6" [_thread_blocked, id=6324, stack(0x0000005eb2100000,0x0000005eb2200000)]
  0x0000019c3b8a0800 JavaThread "WorkerExecutor Queue Thread 7" [_thread_blocked, id=13600, stack(0x0000005eb2200000,0x0000005eb2300000)]
  0x0000019c3b89b000 JavaThread "WorkerExecutor Queue Thread 8" [_thread_blocked, id=22508, stack(0x0000005eb2300000,0x0000005eb2400000)]
  0x0000019c3b8a1800 JavaThread "WorkerExecutor Queue Thread 9" [_thread_blocked, id=14412, stack(0x0000005eb2400000,0x0000005eb2500000)]
  0x0000019c3b89d800 JavaThread "WorkerExecutor Queue Thread 10" [_thread_blocked, id=5956, stack(0x0000005eb2500000,0x0000005eb2600000)]
  0x0000019c3b8a2000 JavaThread "WorkerExecutor Queue Thread 11" [_thread_blocked, id=17332, stack(0x0000005eb2600000,0x0000005eb2700000)]
  0x0000019c3b89c800 JavaThread "WorkerExecutor Queue Thread 12" [_thread_blocked, id=16552, stack(0x0000005eb2700000,0x0000005eb2800000)]

Other Threads:
=>0x0000019c2dcf8000 VMThread "VM Thread" [stack: 0x0000005eaca00000,0x0000005eacb00000] [id=4876]
  0x0000019c2e7f4800 WatcherThread [stack: 0x0000005ead400000,0x0000005ead500000] [id=21736]
  0x0000019c13459000 GCTaskThread "GC Thread#0" [stack: 0x0000005eac500000,0x0000005eac600000] [id=20964]
  0x0000019c2f2db000 GCTaskThread "GC Thread#1" [stack: 0x0000005ead600000,0x0000005ead700000] [id=20892]
  0x0000019c2f1f6800 GCTaskThread "GC Thread#2" [stack: 0x0000005ead700000,0x0000005ead800000] [id=22492]
  0x0000019c2fcd3000 GCTaskThread "GC Thread#3" [stack: 0x0000005eae100000,0x0000005eae200000] [id=10488]
  0x0000019c2f585800 GCTaskThread "GC Thread#4" [stack: 0x0000005eae200000,0x0000005eae300000] [id=18656]
  0x0000019c305ed000 GCTaskThread "GC Thread#5" [stack: 0x0000005eae300000,0x0000005eae400000] [id=18924]
  0x0000019c2fccf000 GCTaskThread "GC Thread#6" [stack: 0x0000005eae400000,0x0000005eae500000] [id=21752]
  0x0000019c2fccf800 GCTaskThread "GC Thread#7" [stack: 0x0000005eae500000,0x0000005eae600000] [id=19352]
  0x0000019c2f6ee800 GCTaskThread "GC Thread#8" [stack: 0x0000005eae600000,0x0000005eae700000] [id=21152]
  0x0000019c2f6f3800 GCTaskThread "GC Thread#9" [stack: 0x0000005eae700000,0x0000005eae800000] [id=22448]
  0x0000019c1348e000 ConcurrentGCThread "G1 Main Marker" [stack: 0x0000005eac600000,0x0000005eac700000] [id=6444]
  0x0000019c1348f000 ConcurrentGCThread "G1 Conc#0" [stack: 0x0000005eac700000,0x0000005eac800000] [id=17368]
  0x0000019c2f1dc800 ConcurrentGCThread "G1 Conc#1" [stack: 0x0000005eaea00000,0x0000005eaeb00000] [id=12032]
  0x0000019c31084000 ConcurrentGCThread "G1 Conc#2" [stack: 0x0000005eaeb00000,0x0000005eaec00000] [id=16172]
  0x0000019c2db4a800 ConcurrentGCThread "G1 Refine#0" [stack: 0x0000005eac800000,0x0000005eac900000] [id=4808]
  0x0000019c2db4b000 ConcurrentGCThread "G1 Young RemSet Sampling" [stack: 0x0000005eac900000,0x0000005eaca00000] [id=8272]

Threads with active compile tasks:
C2 CompilerThread01800993 16034       4       com.android.utils.XmlUtils::append (647 bytes)
C1 CompilerThread01800993 16690       2       com.android.aaptcompiler.ResourceUtilsKt::parseStyleParentReference (451 bytes)
C2 CompilerThread11800993 16096   !   4       java.io.ObjectInputStream::readSerialData (563 bytes)
C2 CompilerThread21800993 16047   !   4       java.io.ObjectOutputStream::writeObject0 (619 bytes)

VM state:at safepoint (normal execution)

VM Mutex/Monitor currently owned by a thread:  ([mutex/lock_event])
[0x0000019c1343b2e0] Threads_lock - owner thread: 0x0000019c2dcf8000
[0x0000019c1343c3c0] Heap_lock - owner thread: 0x0000019c3b89c800

Heap address: 0x0000000080000000, size: 2048 MB, Compressed Oops mode: 32-bit
Narrow klass base: 0x0000000000000000, Narrow klass shift: 3
Compressed class space size: 1073741824 Address: 0x0000000100000000

Heap:
 garbage-first heap   total 331776K, used 134679K [0x0000000080000000, 0x0000000100000000)
  region size 1024K, 2 young (2048K), 2 survivors (2048K)
 Metaspace       used 115059K, capacity 118320K, committed 118528K, reserved 1153024K
  class space    used 14449K, capacity 15574K, committed 15616K, reserved 1048576K
Heap Regions: E=young(eden), S=young(survivor), O=old, HS=humongous(starts), HC=humongous(continues), CS=collection set, F=free, A=archive, TAMS=top-at-mark-start (previous, next)
|   0|0x0000000080000000, 0x0000000080100000, 0x0000000080100000|100%| O|  |TAMS 0x0000000080100000, 0x0000000080000000| Untracked 
|   1|0x0000000080100000, 0x0000000080200000, 0x0000000080200000|100%| O|  |TAMS 0x0000000080200000, 0x0000000080100000| Untracked 
|   2|0x0000000080200000, 0x0000000080300000, 0x0000000080300000|100%| O|  |TAMS 0x0000000080300000, 0x0000000080200000| Untracked 
|   3|0x0000000080300000, 0x0000000080400000, 0x0000000080400000|100%|HS|  |TAMS 0x0000000080400000, 0x0000000080300000| Complete 
|   4|0x0000000080400000, 0x0000000080500000, 0x0000000080500000|100%|HC|  |TAMS 0x0000000080500000, 0x0000000080400000| Complete 
|   5|0x0000000080500000, 0x0000000080600000, 0x0000000080600000|100%|HC|  |TAMS 0x0000000080600000, 0x0000000080500000| Complete 
|   6|0x0000000080600000, 0x0000000080700000, 0x0000000080700000|100%| O|  |TAMS 0x0000000080700000, 0x0000000080600000| Untracked 
|   7|0x0000000080700000, 0x0000000080800000, 0x0000000080800000|100%| O|  |TAMS 0x0000000080800000, 0x0000000080700000| Untracked 
|   8|0x0000000080800000, 0x0000000080900000, 0x0000000080900000|100%| O|  |TAMS 0x0000000080900000, 0x0000000080800000| Untracked 
|   9|0x0000000080900000, 0x0000000080a00000, 0x0000000080a00000|100%| O|  |TAMS 0x0000000080a00000, 0x0000000080900000| Untracked 
|  10|0x0000000080a00000, 0x0000000080b00000, 0x0000000080b00000|100%| O|  |TAMS 0x0000000080b00000, 0x0000000080a00000| Untracked 
|  11|0x0000000080b00000, 0x0000000080c00000, 0x0000000080c00000|100%| O|  |TAMS 0x0000000080c00000, 0x0000000080b00000| Untracked 
|  12|0x0000000080c00000, 0x0000000080d00000, 0x0000000080d00000|100%| O|  |TAMS 0x0000000080d00000, 0x0000000080c00000| Untracked 
|  13|0x0000000080d00000, 0x0000000080e00000, 0x0000000080e00000|100%| O|  |TAMS 0x0000000080e00000, 0x0000000080d00000| Untracked 
|  14|0x0000000080e00000, 0x0000000080f00000, 0x0000000080f00000|100%| O|  |TAMS 0x0000000080f00000, 0x0000000080e00000| Untracked 
|  15|0x0000000080f00000, 0x0000000081000000, 0x0000000081000000|100%| O|  |TAMS 0x0000000081000000, 0x0000000080f00000| Untracked 
|  16|0x0000000081000000, 0x0000000081100000, 0x0000000081100000|100%|HS|  |TAMS 0x0000000081100000, 0x0000000081000000| Complete 
|  17|0x0000000081100000, 0x0000000081200000, 0x0000000081200000|100%|HC|  |TAMS 0x0000000081200000, 0x0000000081100000| Complete 
|  18|0x0000000081200000, 0x0000000081300000, 0x0000000081300000|100%|HS|  |TAMS 0x0000000081300000, 0x0000000081200000| Complete 
|  19|0x0000000081300000, 0x0000000081400000, 0x0000000081400000|100%|HC|  |TAMS 0x0000000081400000, 0x0000000081300000| Complete 
|  20|0x0000000081400000, 0x0000000081500000, 0x0000000081500000|100%|HC|  |TAMS 0x0000000081500000, 0x0000000081400000| Complete 
|  21|0x0000000081500000, 0x0000000081600000, 0x0000000081600000|100%|HS|  |TAMS 0x0000000081600000, 0x0000000081500000| Complete 
|  22|0x0000000081600000, 0x0000000081700000, 0x0000000081700000|100%|HC|  |TAMS 0x0000000081700000, 0x0000000081600000| Complete 
|  23|0x0000000081700000, 0x0000000081800000, 0x0000000081800000|100%|HC|  |TAMS 0x0000000081800000, 0x0000000081700000| Complete 
|  24|0x0000000081800000, 0x0000000081900000, 0x0000000081900000|100%|HC|  |TAMS 0x0000000081900000, 0x0000000081800000| Complete 
|  25|0x0000000081900000, 0x0000000081a00000, 0x0000000081a00000|100%|HC|  |TAMS 0x0000000081a00000, 0x0000000081900000| Complete 
|  26|0x0000000081a00000, 0x0000000081b00000, 0x0000000081b00000|100%| O|  |TAMS 0x0000000081b00000, 0x0000000081a00000| Complete 
|  27|0x0000000081b00000, 0x0000000081c00000, 0x0000000081c00000|100%| O|  |TAMS 0x0000000081c00000, 0x0000000081b00000| Untracked 
|  28|0x0000000081c00000, 0x0000000081d00000, 0x0000000081d00000|100%| O|  |TAMS 0x0000000081d00000, 0x0000000081c00000| Untracked 
|  29|0x0000000081d00000, 0x0000000081e00000, 0x0000000081e00000|100%| O|  |TAMS 0x0000000081e00000, 0x0000000081d00000| Complete 
|  30|0x0000000081e00000, 0x0000000081f00000, 0x0000000081f00000|100%| O|  |TAMS 0x0000000081f00000, 0x0000000081e00000| Complete 
|  31|0x0000000081f00000, 0x0000000082000000, 0x0000000082000000|100%|HS|  |TAMS 0x0000000082000000, 0x0000000081f00000| Complete 
|  32|0x0000000082000000, 0x0000000082100000, 0x0000000082100000|100%|HC|  |TAMS 0x0000000082100000, 0x0000000082000000| Complete 
|  33|0x0000000082100000, 0x0000000082200000, 0x0000000082200000|100%|HC|  |TAMS 0x0000000082200000, 0x0000000082100000| Complete 
|  34|0x0000000082200000, 0x0000000082300000, 0x0000000082300000|100%| O|  |TAMS 0x0000000082300000, 0x0000000082200000| Untracked 
|  35|0x0000000082300000, 0x0000000082400000, 0x0000000082400000|100%| O|  |TAMS 0x0000000082400000, 0x0000000082300000| Untracked 
|  36|0x0000000082400000, 0x0000000082500000, 0x0000000082500000|100%| O|  |TAMS 0x0000000082500000, 0x0000000082400000| Untracked 
|  37|0x0000000082500000, 0x0000000082600000, 0x0000000082600000|100%|HS|  |TAMS 0x0000000082600000, 0x0000000082500000| Complete 
|  38|0x0000000082600000, 0x0000000082700000, 0x0000000082700000|100%|HC|  |TAMS 0x0000000082700000, 0x0000000082600000| Complete 
|  39|0x0000000082700000, 0x0000000082800000, 0x0000000082800000|100%|HC|  |TAMS 0x0000000082800000, 0x0000000082700000| Complete 
|  40|0x0000000082800000, 0x0000000082900000, 0x0000000082900000|100%|HC|  |TAMS 0x0000000082900000, 0x0000000082800000| Complete 
|  41|0x0000000082900000, 0x0000000082a00000, 0x0000000082a00000|100%|HC|  |TAMS 0x0000000082a00000, 0x0000000082900000| Complete 
|  42|0x0000000082a00000, 0x0000000082b00000, 0x0000000082b00000|100%| O|  |TAMS 0x0000000082b00000, 0x0000000082a00000| Complete 
|  43|0x0000000082b00000, 0x0000000082c00000, 0x0000000082c00000|100%| O|  |TAMS 0x0000000082c00000, 0x0000000082b00000| Untracked 
|  44|0x0000000082c00000, 0x0000000082d00000, 0x0000000082d00000|100%| O|  |TAMS 0x0000000082d00000, 0x0000000082c00000| Untracked 
|  45|0x0000000082d00000, 0x0000000082e00000, 0x0000000082e00000|100%| O|  |TAMS 0x0000000082e00000, 0x0000000082d00000| Untracked 
|  46|0x0000000082e00000, 0x0000000082f00000, 0x0000000082f00000|100%| O|  |TAMS 0x0000000082f00000, 0x0000000082e00000| Untracked 
|  47|0x0000000082f00000, 0x0000000083000000, 0x0000000083000000|100%| O|  |TAMS 0x0000000083000000, 0x0000000082f00000| Untracked 
|  48|0x0000000083000000, 0x0000000083100000, 0x0000000083100000|100%| O|  |TAMS 0x0000000083100000, 0x0000000083000000| Untracked 
|  49|0x0000000083100000, 0x0000000083200000, 0x0000000083200000|100%| O|  |TAMS 0x0000000083200000, 0x0000000083100000| Untracked 
|  50|0x0000000083200000, 0x0000000083300000, 0x0000000083300000|100%| O|  |TAMS 0x0000000083300000, 0x0000000083200000| Untracked 
|  51|0x0000000083300000, 0x0000000083400000, 0x0000000083400000|100%| O|  |TAMS 0x0000000083400000, 0x0000000083300000| Untracked 
|  52|0x0000000083400000, 0x0000000083500000, 0x0000000083500000|100%| O|  |TAMS 0x0000000083500000, 0x0000000083400000| Complete 
|  53|0x0000000083500000, 0x0000000083600000, 0x0000000083600000|100%|HS|  |TAMS 0x0000000083600000, 0x0000000083500000| Complete 
|  54|0x0000000083600000, 0x0000000083700000, 0x0000000083700000|100%|HS|  |TAMS 0x0000000083700000, 0x0000000083600000| Complete 
|  55|0x0000000083700000, 0x0000000083800000, 0x0000000083800000|100%| O|  |TAMS 0x0000000083800000, 0x0000000083700000| Untracked 
|  56|0x0000000083800000, 0x0000000083900000, 0x0000000083900000|100%| O|  |TAMS 0x0000000083900000, 0x0000000083800000| Untracked 
|  57|0x0000000083900000, 0x0000000083a00000, 0x0000000083a00000|100%| O|  |TAMS 0x0000000083a00000, 0x0000000083900000| Complete 
|  58|0x0000000083a00000, 0x0000000083b00000, 0x0000000083b00000|100%| O|  |TAMS 0x0000000083b00000, 0x0000000083a00000| Complete 
|  59|0x0000000083b00000, 0x0000000083c00000, 0x0000000083c00000|100%| O|  |TAMS 0x0000000083c00000, 0x0000000083b00000| Untracked 
|  60|0x0000000083c00000, 0x0000000083d00000, 0x0000000083d00000|100%| O|  |TAMS 0x0000000083d00000, 0x0000000083c00000| Complete 
|  61|0x0000000083d00000, 0x0000000083e00000, 0x0000000083e00000|100%| O|  |TAMS 0x0000000083e00000, 0x0000000083d00000| Untracked 
|  62|0x0000000083e00000, 0x0000000083f00000, 0x0000000083f00000|100%| O|  |TAMS 0x0000000083f00000, 0x0000000083e00000| Complete 
|  63|0x0000000083f00000, 0x0000000084000000, 0x0000000084000000|100%| O|  |TAMS 0x0000000084000000, 0x0000000083f00000| Untracked 
|  64|0x0000000084000000, 0x0000000084100000, 0x0000000084100000|100%| O|  |TAMS 0x0000000084100000, 0x0000000084000000| Complete 
|  65|0x0000000084100000, 0x0000000084200000, 0x0000000084200000|100%|HS|  |TAMS 0x0000000084200000, 0x0000000084100000| Complete 
|  66|0x0000000084200000, 0x0000000084300000, 0x0000000084300000|100%|HC|  |TAMS 0x0000000084300000, 0x0000000084200000| Complete 
|  67|0x0000000084300000, 0x0000000084400000, 0x0000000084400000|100%| O|  |TAMS 0x0000000084400000, 0x0000000084300000| Untracked 
|  68|0x0000000084400000, 0x0000000084500000, 0x0000000084500000|100%| O|  |TAMS 0x0000000084500000, 0x0000000084400000| Untracked 
|  69|0x0000000084500000, 0x0000000084600000, 0x0000000084600000|100%| O|  |TAMS 0x0000000084600000, 0x0000000084500000| Complete 
|  70|0x0000000084600000, 0x0000000084700000, 0x0000000084700000|100%| O|  |TAMS 0x0000000084700000, 0x0000000084600000| Complete 
|  71|0x0000000084700000, 0x0000000084800000, 0x0000000084800000|100%| O|  |TAMS 0x0000000084800000, 0x0000000084700000| Untracked 
|  72|0x0000000084800000, 0x0000000084900000, 0x0000000084900000|100%| O|  |TAMS 0x0000000084900000, 0x0000000084800000| Untracked 
|  73|0x0000000084900000, 0x0000000084a00000, 0x0000000084a00000|100%| O|  |TAMS 0x0000000084a00000, 0x0000000084900000| Complete 
|  74|0x0000000084a00000, 0x0000000084b00000, 0x0000000084b00000|100%| O|  |TAMS 0x0000000084b00000, 0x0000000084a00000| Untracked 
|  75|0x0000000084b00000, 0x0000000084c00000, 0x0000000084c00000|100%| O|  |TAMS 0x0000000084c00000, 0x0000000084b00000| Complete 
|  76|0x0000000084c00000, 0x0000000084d00000, 0x0000000084d00000|100%| O|  |TAMS 0x0000000084d00000, 0x0000000084c00000| Untracked 
|  77|0x0000000084d00000, 0x0000000084e00000, 0x0000000084e00000|100%| O|  |TAMS 0x0000000084e00000, 0x0000000084d00000| Complete 
|  78|0x0000000084e00000, 0x0000000084f00000, 0x0000000084f00000|100%| O|  |TAMS 0x0000000084f00000, 0x0000000084e00000| Complete 
|  79|0x0000000084f00000, 0x0000000085000000, 0x0000000085000000|100%| O|  |TAMS 0x0000000085000000, 0x0000000084f00000| Untracked 
|  80|0x0000000085000000, 0x0000000085100000, 0x0000000085100000|100%| O|  |TAMS 0x0000000085100000, 0x0000000085000000| Complete 
|  81|0x0000000085100000, 0x0000000085200000, 0x0000000085200000|100%| O|  |TAMS 0x0000000085200000, 0x0000000085100000| Untracked 
|  82|0x0000000085200000, 0x0000000085300000, 0x0000000085300000|100%| O|  |TAMS 0x0000000085300000, 0x0000000085200000| Complete 
|  83|0x0000000085300000, 0x0000000085400000, 0x0000000085400000|100%| O|  |TAMS 0x0000000085400000, 0x0000000085300000| Complete 
|  84|0x0000000085400000, 0x0000000085500000, 0x0000000085500000|100%| O|  |TAMS 0x0000000085500000, 0x0000000085400000| Untracked 
|  85|0x0000000085500000, 0x0000000085600000, 0x0000000085600000|100%| O|  |TAMS 0x0000000085600000, 0x0000000085500000| Complete 
|  86|0x0000000085600000, 0x0000000085700000, 0x0000000085700000|100%| O|  |TAMS 0x0000000085700000, 0x0000000085600000| Complete 
|  87|0x0000000085700000, 0x0000000085800000, 0x0000000085800000|100%| O|  |TAMS 0x0000000085800000, 0x0000000085700000| Untracked 
|  88|0x0000000085800000, 0x0000000085900000, 0x0000000085900000|100%| O|  |TAMS 0x0000000085900000, 0x0000000085800000| Untracked 
|  89|0x0000000085900000, 0x0000000085a00000, 0x0000000085a00000|100%| O|  |TAMS 0x0000000085a00000, 0x0000000085900000| Complete 
|  90|0x0000000085a00000, 0x0000000085b00000, 0x0000000085b00000|100%| O|  |TAMS 0x0000000085b00000, 0x0000000085a00000| Complete 
|  91|0x0000000085b00000, 0x0000000085c00000, 0x0000000085c00000|100%| O|  |TAMS 0x0000000085c00000, 0x0000000085b00000| Complete 
|  92|0x0000000085c00000, 0x0000000085d00000, 0x0000000085d00000|100%| O|  |TAMS 0x0000000085d00000, 0x0000000085c00000| Complete 
|  93|0x0000000085d00000, 0x0000000085e00000, 0x0000000085e00000|100%| O|  |TAMS 0x0000000085e00000, 0x0000000085d00000| Untracked 
|  94|0x0000000085e00000, 0x0000000085f00000, 0x0000000085f00000|100%| O|  |TAMS 0x0000000085f00000, 0x0000000085e00000| Complete 
|  95|0x0000000085f00000, 0x0000000086000000, 0x0000000086000000|100%| O|  |TAMS 0x0000000086000000, 0x0000000085f00000| Untracked 
|  96|0x0000000086000000, 0x0000000086100000, 0x0000000086100000|100%| O|  |TAMS 0x0000000086100000, 0x0000000086000000| Complete 
|  97|0x0000000086100000, 0x0000000086200000, 0x0000000086200000|100%| O|  |TAMS 0x0000000086200000, 0x0000000086100000| Untracked 
|  98|0x0000000086200000, 0x0000000086300000, 0x0000000086300000|100%| O|  |TAMS 0x0000000086300000, 0x0000000086200000| Complete 
|  99|0x0000000086300000, 0x0000000086400000, 0x0000000086400000|100%| O|  |TAMS 0x0000000086400000, 0x0000000086300000| Untracked 
| 100|0x0000000086400000, 0x0000000086500000, 0x0000000086500000|100%| O|  |TAMS 0x0000000086500000, 0x0000000086400000| Complete 
| 101|0x0000000086500000, 0x0000000086600000, 0x0000000086600000|100%| O|  |TAMS 0x0000000086600000, 0x0000000086500000| Complete 
| 102|0x0000000086600000, 0x0000000086700000, 0x0000000086700000|100%| O|  |TAMS 0x0000000086700000, 0x0000000086600000| Untracked 
| 103|0x0000000086700000, 0x0000000086800000, 0x0000000086800000|100%| O|  |TAMS 0x0000000086800000, 0x0000000086700000| Untracked 
| 104|0x0000000086800000, 0x0000000086900000, 0x0000000086900000|100%| O|  |TAMS 0x0000000086800000, 0x0000000086800000| Untracked 
| 105|0x0000000086900000, 0x0000000086a00000, 0x0000000086a00000|100%| O|  |TAMS 0x0000000086a00000, 0x0000000086900000| Complete 
| 106|0x0000000086a00000, 0x0000000086b00000, 0x0000000086b00000|100%| O|  |TAMS 0x0000000086b00000, 0x0000000086a00000| Untracked 
| 107|0x0000000086b00000, 0x0000000086c00000, 0x0000000086c00000|100%| O|  |TAMS 0x0000000086c00000, 0x0000000086b00000| Untracked 
| 108|0x0000000086c00000, 0x0000000086d00000, 0x0000000086d00000|100%| O|  |TAMS 0x0000000086d00000, 0x0000000086c00000| Untracked 
| 109|0x0000000086d00000, 0x0000000086e00000, 0x0000000086e00000|100%| O|  |TAMS 0x0000000086e00000, 0x0000000086d00000| Complete 
| 110|0x0000000086e00000, 0x0000000086f00000, 0x0000000086f00000|100%| O|  |TAMS 0x0000000086f00000, 0x0000000086e00000| Complete 
| 111|0x0000000086f00000, 0x0000000086f34c00, 0x0000000087000000| 20%| O|  |TAMS 0x0000000086f00000, 0x0000000086f00000| Untracked 
| 112|0x0000000087000000, 0x0000000087100000, 0x0000000087100000|100%| O|  |TAMS 0x0000000087100000, 0x0000000087000000| Untracked 
| 113|0x0000000087100000, 0x0000000087200000, 0x0000000087200000|100%| O|  |TAMS 0x0000000087200000, 0x0000000087100000| Complete 
| 114|0x0000000087200000, 0x0000000087300000, 0x0000000087300000|100%| O|  |TAMS 0x0000000087300000, 0x0000000087200000| Untracked 
| 115|0x0000000087300000, 0x0000000087400000, 0x0000000087400000|100%| O|  |TAMS 0x0000000087400000, 0x0000000087300000| Complete 
| 116|0x0000000087400000, 0x0000000087500000, 0x0000000087500000|100%| O|  |TAMS 0x0000000087500000, 0x0000000087400000| Untracked 
| 117|0x0000000087500000, 0x0000000087600000, 0x0000000087600000|100%| O|  |TAMS 0x0000000087600000, 0x0000000087500000| Complete 
| 118|0x0000000087600000, 0x0000000087700000, 0x0000000087700000|100%| O|  |TAMS 0x0000000087700000, 0x0000000087600000| Complete 
| 119|0x0000000087700000, 0x0000000087700000, 0x0000000087800000|  0%| F|  |TAMS 0x0000000087700000, 0x0000000087700000| Untracked 
| 120|0x0000000087800000, 0x0000000087800000, 0x0000000087900000|  0%| F|  |TAMS 0x0000000087800000, 0x0000000087800000| Untracked 
| 121|0x0000000087900000, 0x0000000087900000, 0x0000000087a00000|  0%| F|  |TAMS 0x0000000087900000, 0x0000000087900000| Untracked 
| 122|0x0000000087a00000, 0x0000000087b00000, 0x0000000087b00000|100%| O|  |TAMS 0x0000000087b00000, 0x0000000087a00000| Complete 
| 123|0x0000000087b00000, 0x0000000087c00000, 0x0000000087c00000|100%| O|  |TAMS 0x0000000087c00000, 0x0000000087b00000| Complete 
| 124|0x0000000087c00000, 0x0000000087d00000, 0x0000000087d00000|100%| O|  |TAMS 0x0000000087d00000, 0x0000000087c00000| Complete 
| 125|0x0000000087d00000, 0x0000000087e00000, 0x0000000087e00000|100%| O|  |TAMS 0x0000000087e00000, 0x0000000087d00000| Complete 
| 126|0x0000000087e00000, 0x0000000087f00000, 0x0000000087f00000|100%| O|  |TAMS 0x0000000087f00000, 0x0000000087e00000| Complete 
| 127|0x0000000087f00000, 0x0000000088000000, 0x0000000088000000|100%| O|  |TAMS 0x0000000088000000, 0x0000000087f00000| Complete 
| 128|0x0000000088000000, 0x0000000088100000, 0x0000000088100000|100%| O|  |TAMS 0x0000000088100000, 0x0000000088000000| Complete 
| 129|0x0000000088100000, 0x0000000088200000, 0x0000000088200000|100%| O|  |TAMS 0x0000000088200000, 0x0000000088100000| Complete 
| 130|0x0000000088200000, 0x0000000088300000, 0x0000000088300000|100%| O|  |TAMS 0x0000000088300000, 0x0000000088200000| Complete 
| 131|0x0000000088300000, 0x0000000088400000, 0x0000000088400000|100%| O|  |TAMS 0x0000000088400000, 0x0000000088300000| Complete 
| 132|0x0000000088400000, 0x0000000088500000, 0x0000000088500000|100%| O|  |TAMS 0x0000000088462600, 0x0000000088400000| Untracked 
| 133|0x0000000088500000, 0x0000000088500000, 0x0000000088600000|  0%| F|  |TAMS 0x0000000088500000, 0x0000000088500000| Untracked 
| 134|0x0000000088600000, 0x0000000088600000, 0x0000000088700000|  0%| F|  |TAMS 0x0000000088600000, 0x0000000088600000| Untracked 
| 135|0x0000000088700000, 0x0000000088700000, 0x0000000088800000|  0%| F|  |TAMS 0x0000000088700000, 0x0000000088700000| Untracked 
| 136|0x0000000088800000, 0x0000000088800000, 0x0000000088900000|  0%| F|  |TAMS 0x0000000088800000, 0x0000000088800000| Untracked 
| 137|0x0000000088900000, 0x0000000088900000, 0x0000000088a00000|  0%| F|  |TAMS 0x0000000088900000, 0x0000000088900000| Untracked 
| 138|0x0000000088a00000, 0x0000000088a00000, 0x0000000088b00000|  0%| F|  |TAMS 0x0000000088a00000, 0x0000000088a00000| Untracked 
| 139|0x0000000088b00000, 0x0000000088b00000, 0x0000000088c00000|  0%| F|  |TAMS 0x0000000088b00000, 0x0000000088b00000| Untracked 
| 140|0x0000000088c00000, 0x0000000088c00000, 0x0000000088d00000|  0%| F|  |TAMS 0x0000000088c00000, 0x0000000088c00000| Untracked 
| 141|0x0000000088d00000, 0x0000000088d00000, 0x0000000088e00000|  0%| F|  |TAMS 0x0000000088d00000, 0x0000000088d00000| Untracked 
| 142|0x0000000088e00000, 0x0000000088e00000, 0x0000000088f00000|  0%| F|  |TAMS 0x0000000088e00000, 0x0000000088e00000| Untracked 
| 143|0x0000000088f00000, 0x0000000088f00000, 0x0000000089000000|  0%| F|  |TAMS 0x0000000088f00000, 0x0000000088f00000| Untracked 
| 144|0x0000000089000000, 0x0000000089000000, 0x0000000089100000|  0%| F|  |TAMS 0x0000000089000000, 0x0000000089000000| Untracked 
| 145|0x0000000089100000, 0x0000000089100000, 0x0000000089200000|  0%| F|  |TAMS 0x0000000089100000, 0x0000000089100000| Untracked 
| 146|0x0000000089200000, 0x0000000089200000, 0x0000000089300000|  0%| F|  |TAMS 0x0000000089200000, 0x0000000089200000| Untracked 
| 147|0x0000000089300000, 0x0000000089300000, 0x0000000089400000|  0%| F|  |TAMS 0x0000000089300000, 0x0000000089300000| Untracked 
| 148|0x0000000089400000, 0x0000000089500000, 0x0000000089500000|100%| O|  |TAMS 0x0000000089500000, 0x0000000089400000| Complete 
| 149|0x0000000089500000, 0x0000000089500000, 0x0000000089600000|  0%| F|  |TAMS 0x0000000089500000, 0x0000000089500000| Untracked 
| 150|0x0000000089600000, 0x0000000089600000, 0x0000000089700000|  0%| F|  |TAMS 0x0000000089600000, 0x0000000089600000| Untracked 
| 151|0x0000000089700000, 0x0000000089700000, 0x0000000089800000|  0%| F|  |TAMS 0x0000000089700000, 0x0000000089700000| Untracked 
| 152|0x0000000089800000, 0x0000000089800000, 0x0000000089900000|  0%| F|  |TAMS 0x0000000089800000, 0x0000000089800000| Untracked 
| 153|0x0000000089900000, 0x0000000089900000, 0x0000000089a00000|  0%| F|  |TAMS 0x0000000089900000, 0x0000000089900000| Untracked 
| 154|0x0000000089a00000, 0x0000000089a00000, 0x0000000089b00000|  0%| F|  |TAMS 0x0000000089a00000, 0x0000000089a00000| Untracked 
| 155|0x0000000089b00000, 0x0000000089b00000, 0x0000000089c00000|  0%| F|  |TAMS 0x0000000089b00000, 0x0000000089b00000| Untracked 
| 156|0x0000000089c00000, 0x0000000089c00000, 0x0000000089d00000|  0%| F|  |TAMS 0x0000000089c00000, 0x0000000089c00000| Untracked 
| 157|0x0000000089d00000, 0x0000000089d00000, 0x0000000089e00000|  0%| F|  |TAMS 0x0000000089d00000, 0x0000000089d00000| Untracked 
| 158|0x0000000089e00000, 0x0000000089e00000, 0x0000000089f00000|  0%| F|  |TAMS 0x0000000089e00000, 0x0000000089e00000| Untracked 
| 159|0x0000000089f00000, 0x0000000089f00000, 0x000000008a000000|  0%| F|  |TAMS 0x0000000089f00000, 0x0000000089f00000| Untracked 
| 160|0x000000008a000000, 0x000000008a000000, 0x000000008a100000|  0%| F|  |TAMS 0x000000008a000000, 0x000000008a000000| Untracked 
| 161|0x000000008a100000, 0x000000008a100000, 0x000000008a200000|  0%| F|  |TAMS 0x000000008a100000, 0x000000008a100000| Untracked 
| 162|0x000000008a200000, 0x000000008a200000, 0x000000008a300000|  0%| F|  |TAMS 0x000000008a200000, 0x000000008a200000| Untracked 
| 163|0x000000008a300000, 0x000000008a300000, 0x000000008a400000|  0%| F|  |TAMS 0x000000008a300000, 0x000000008a300000| Untracked 
| 164|0x000000008a400000, 0x000000008a451288, 0x000000008a500000| 31%| S|CS|TAMS 0x000000008a400000, 0x000000008a400000| Complete 
| 165|0x000000008a500000, 0x000000008a600000, 0x000000008a600000|100%| S|CS|TAMS 0x000000008a500000, 0x000000008a500000| Complete 
| 166|0x000000008a600000, 0x000000008a600000, 0x000000008a700000|  0%| F|  |TAMS 0x000000008a600000, 0x000000008a600000| Untracked 
| 167|0x000000008a700000, 0x000000008a700000, 0x000000008a800000|  0%| F|  |TAMS 0x000000008a700000, 0x000000008a700000| Untracked 
| 168|0x000000008a800000, 0x000000008a800000, 0x000000008a900000|  0%| F|  |TAMS 0x000000008a800000, 0x000000008a800000| Untracked 
| 169|0x000000008a900000, 0x000000008a900000, 0x000000008aa00000|  0%| F|  |TAMS 0x000000008a900000, 0x000000008a900000| Untracked 
| 170|0x000000008aa00000, 0x000000008aa00000, 0x000000008ab00000|  0%| F|  |TAMS 0x000000008aa00000, 0x000000008aa00000| Untracked 
| 171|0x000000008ab00000, 0x000000008ab00000, 0x000000008ac00000|  0%| F|  |TAMS 0x000000008ab00000, 0x000000008ab00000| Untracked 
| 172|0x000000008ac00000, 0x000000008ac00000, 0x000000008ad00000|  0%| F|  |TAMS 0x000000008ac00000, 0x000000008ac00000| Untracked 
| 173|0x000000008ad00000, 0x000000008ad00000, 0x000000008ae00000|  0%| F|  |TAMS 0x000000008ad00000, 0x000000008ad00000| Untracked 
| 174|0x000000008ae00000, 0x000000008ae00000, 0x000000008af00000|  0%| F|  |TAMS 0x000000008ae00000, 0x000000008ae00000| Untracked 
| 175|0x000000008af00000, 0x000000008af00000, 0x000000008b000000|  0%| F|  |TAMS 0x000000008af00000, 0x000000008af00000| Untracked 
| 176|0x000000008b000000, 0x000000008b000000, 0x000000008b100000|  0%| F|  |TAMS 0x000000008b000000, 0x000000008b000000| Untracked 
| 177|0x000000008b100000, 0x000000008b100000, 0x000000008b200000|  0%| F|  |TAMS 0x000000008b100000, 0x000000008b100000| Untracked 
| 178|0x000000008b200000, 0x000000008b200000, 0x000000008b300000|  0%| F|  |TAMS 0x000000008b200000, 0x000000008b200000| Untracked 
| 179|0x000000008b300000, 0x000000008b300000, 0x000000008b400000|  0%| F|  |TAMS 0x000000008b300000, 0x000000008b300000| Untracked 
| 180|0x000000008b400000, 0x000000008b400000, 0x000000008b500000|  0%| F|  |TAMS 0x000000008b400000, 0x000000008b400000| Untracked 
| 181|0x000000008b500000, 0x000000008b500000, 0x000000008b600000|  0%| F|  |TAMS 0x000000008b500000, 0x000000008b500000| Untracked 
| 182|0x000000008b600000, 0x000000008b600000, 0x000000008b700000|  0%| F|  |TAMS 0x000000008b600000, 0x000000008b600000| Untracked 
| 183|0x000000008b700000, 0x000000008b700000, 0x000000008b800000|  0%| F|  |TAMS 0x000000008b700000, 0x000000008b700000| Untracked 
| 184|0x000000008b800000, 0x000000008b800000, 0x000000008b900000|  0%| F|  |TAMS 0x000000008b800000, 0x000000008b800000| Untracked 

Card table byte_map: [0x0000019c26880000,0x0000019c26c80000] _byte_map_base: 0x0000019c26480000

Marking Bits (Prev, Next): (CMBitMap*) 0x0000019c134851a0, (CMBitMap*) 0x0000019c13485168
 Prev Bits: [0x0000019c29080000, 0x0000019c2b080000)
 Next Bits: [0x0000019c27080000, 0x0000019c29080000)

Polling page: 0x0000019c111f0000

Metaspace:

Usage:
  Non-class:    100.34 MB capacity,    98.25 MB ( 98%) used,     1.74 MB (  2%) free+waste,   348.56 KB ( <1%) overhead. 
      Class:     15.21 MB capacity,    14.11 MB ( 93%) used,   966.30 KB (  6%) free+waste,   158.44 KB (  1%) overhead. 
       Both:    115.55 MB capacity,   112.36 MB ( 97%) used,     2.69 MB (  2%) free+waste,   507.00 KB ( <1%) overhead. 

Virtual space:
  Non-class space:      102.00 MB reserved,     100.50 MB ( 99%) committed 
      Class space:        1.00 GB reserved,      15.25 MB (  1%) committed 
             Both:        1.10 GB reserved,     115.75 MB ( 10%) committed 

Chunk freelists:
   Non-Class:  38.00 KB
       Class:  10.00 KB
        Both:  48.00 KB

MaxMetaspaceSize: 17179869184.00 GB
CompressedClassSpaceSize: 1.00 GB

CodeHeap 'non-profiled nmethods': size=120000Kb used=11769Kb max_used=11769Kb free=108230Kb
 bounds [0x0000019c1ea00000, 0x0000019c1f580000, 0x0000019c25f30000]
CodeHeap 'profiled nmethods': size=120000Kb used=37257Kb max_used=37257Kb free=82742Kb
 bounds [0x0000019c174d0000, 0x0000019c19940000, 0x0000019c1ea00000]
CodeHeap 'non-nmethods': size=5760Kb used=2350Kb max_used=2411Kb free=3409Kb
 bounds [0x0000019c16f30000, 0x0000019c171c0000, 0x0000019c174d0000]
 total_blobs=17491 nmethods=16517 adapters=883
 compilation: enabled
              stopped_count=0, restarted_count=0
 full_count=0

Compilation events (20 events):
Event: 1800.929 Thread 0x0000019c2dd1b000 nmethod 16687 0x0000019c1f57e310 code [0x0000019c1f57e4c0, 0x0000019c1f57e578]
Event: 1800.929 Thread 0x0000019c2dd1b000 16688       2       com.android.aaptcompiler.TableExtractor::parseStyleImpl (575 bytes)
Event: 1800.934 Thread 0x0000019c2dd1b000 nmethod 16688 0x0000019c1992b890 code [0x0000019c1992be20, 0x0000019c1992dc68]
Event: 1800.934 Thread 0x0000019c2dd1b000 16696       2       java.lang.Character::isDigit (5 bytes)
Event: 1800.935 Thread 0x0000019c2dd1b000 nmethod 16696 0x0000019c1992ef90 code [0x0000019c1992f160, 0x0000019c1992f298]
Event: 1800.935 Thread 0x0000019c2dd1b000 16697       2       java.lang.Character::isDigit (9 bytes)
Event: 1800.935 Thread 0x0000019c2dd1b000 nmethod 16697 0x0000019c1992f390 code [0x0000019c1992f560, 0x0000019c1992f698]
Event: 1800.935 Thread 0x0000019c2dd1b000 16698       2       java.lang.CharacterDataLatin1::isDigit (18 bytes)
Event: 1800.935 Thread 0x0000019c2dd1b000 nmethod 16698 0x0000019c1992f790 code [0x0000019c1992f940, 0x0000019c1992fa58]
Event: 1800.935 Thread 0x0000019c2dd1b000 16691       2       com.android.aaptcompiler.TableExtractor$extractResource$parseBagMethod$13::invoke (20 bytes)
Event: 1800.936 Thread 0x0000019c2dd1b000 nmethod 16691 0x0000019c1992fb10 code [0x0000019c1992fdc0, 0x0000019c19930508]
Event: 1800.936 Thread 0x0000019c2dd1b000 16692       2       com.android.aaptcompiler.TableExtractor$extractResource$parseBagMethod$13::invoke (32 bytes)
Event: 1800.937 Thread 0x0000019c2dd1b000 nmethod 16692 0x0000019c19930990 code [0x0000019c19930c20, 0x0000019c19931268]
Event: 1800.937 Thread 0x0000019c2dd1b000 16693       2       com.android.aaptcompiler.TableExtractor::access$parseStyle (8 bytes)
Event: 1800.937 Thread 0x0000019c2dd1b000 nmethod 16693 0x0000019c19931690 code [0x0000019c19931840, 0x0000019c19931948]
Event: 1800.937 Thread 0x0000019c2dd1b000 16694       2       com.android.aaptcompiler.TableExtractor::parseStyle (11 bytes)
Event: 1800.937 Thread 0x0000019c2dd1b000 nmethod 16694 0x0000019c19931a10 code [0x0000019c19931bc0, 0x0000019c19931ce8]
Event: 1800.937 Thread 0x0000019c2dd1b000 16689       2       com.android.aaptcompiler.ParsedParentInfo::<init> (21 bytes)
Event: 1800.938 Thread 0x0000019c2dd1b000 nmethod 16689 0x0000019c19931d90 code [0x0000019c19931f80, 0x0000019c199322d8]
Event: 1800.938 Thread 0x0000019c2dd1b000 16690       2       com.android.aaptcompiler.ResourceUtilsKt::parseStyleParentReference (451 bytes)

GC Heap History (20 events):
Event: 1799.971 GC heap after
{Heap after GC invocations=93 (full 0):
 garbage-first heap   total 157696K, used 133809K [0x0000000080000000, 0x0000000100000000)
  region size 1024K, 1 young (1024K), 1 survivors (1024K)
 Metaspace       used 111473K, capacity 114750K, committed 114944K, reserved 1148928K
  class space    used 14165K, capacity 15300K, committed 15360K, reserved 1048576K
}
Event: 1800.018 GC heap before
{Heap before GC invocations=93 (full 0):
 garbage-first heap   total 157696K, used 138929K [0x0000000080000000, 0x0000000100000000)
  region size 1024K, 7 young (7168K), 1 survivors (1024K)
 Metaspace       used 111479K, capacity 114750K, committed 114944K, reserved 1148928K
  class space    used 14165K, capacity 15300K, committed 15360K, reserved 1048576K
}
Event: 1800.021 GC heap after
{Heap after GC invocations=94 (full 0):
 garbage-first heap   total 157696K, used 132582K [0x0000000080000000, 0x0000000100000000)
  region size 1024K, 1 young (1024K), 1 survivors (1024K)
 Metaspace       used 111479K, capacity 114750K, committed 114944K, reserved 1148928K
  class space    used 14165K, capacity 15300K, committed 15360K, reserved 1048576K
}
Event: 1800.045 GC heap before
{Heap before GC invocations=94 (full 0):
 garbage-first heap   total 157696K, used 138726K [0x0000000080000000, 0x0000000100000000)
  region size 1024K, 7 young (7168K), 1 survivors (1024K)
 Metaspace       used 111481K, capacity 114750K, committed 114944K, reserved 1148928K
  class space    used 14165K, capacity 15300K, committed 15360K, reserved 1048576K
}
Event: 1800.047 GC heap after
{Heap after GC invocations=95 (full 0):
 garbage-first heap   total 157696K, used 132603K [0x0000000080000000, 0x0000000100000000)
  region size 1024K, 1 young (1024K), 1 survivors (1024K)
 Metaspace       used 111481K, capacity 114750K, committed 114944K, reserved 1148928K
  class space    used 14165K, capacity 15300K, committed 15360K, reserved 1048576K
}
Event: 1800.072 GC heap before
{Heap before GC invocations=95 (full 0):
 garbage-first heap   total 157696K, used 138747K [0x0000000080000000, 0x0000000100000000)
  region size 1024K, 7 young (7168K), 1 survivors (1024K)
 Metaspace       used 111481K, capacity 114750K, committed 114944K, reserved 1148928K
  class space    used 14165K, capacity 15300K, committed 15360K, reserved 1048576K
}
Event: 1800.073 GC heap after
{Heap after GC invocations=96 (full 0):
 garbage-first heap   total 157696K, used 132653K [0x0000000080000000, 0x0000000100000000)
  region size 1024K, 1 young (1024K), 1 survivors (1024K)
 Metaspace       used 111481K, capacity 114750K, committed 114944K, reserved 1148928K
  class space    used 14165K, capacity 15300K, committed 15360K, reserved 1048576K
}
Event: 1800.095 GC heap before
{Heap before GC invocations=96 (full 0):
 garbage-first heap   total 157696K, used 138797K [0x0000000080000000, 0x0000000100000000)
  region size 1024K, 7 young (7168K), 1 survivors (1024K)
 Metaspace       used 111481K, capacity 114750K, committed 114944K, reserved 1148928K
  class space    used 14165K, capacity 15300K, committed 15360K, reserved 1048576K
}
Event: 1800.096 GC heap after
{Heap after GC invocations=97 (full 0):
 garbage-first heap   total 157696K, used 132594K [0x0000000080000000, 0x0000000100000000)
  region size 1024K, 1 young (1024K), 1 survivors (1024K)
 Metaspace       used 111481K, capacity 114750K, committed 114944K, reserved 1148928K
  class space    used 14165K, capacity 15300K, committed 15360K, reserved 1048576K
}
Event: 1800.115 GC heap before
{Heap before GC invocations=97 (full 0):
 garbage-first heap   total 157696K, used 138738K [0x0000000080000000, 0x0000000100000000)
  region size 1024K, 7 young (7168K), 1 survivors (1024K)
 Metaspace       used 111482K, capacity 114750K, committed 114944K, reserved 1148928K
  class space    used 14165K, capacity 15300K, committed 15360K, reserved 1048576K
}
Event: 1800.116 GC heap after
{Heap after GC invocations=98 (full 0):
 garbage-first heap   total 157696K, used 132596K [0x0000000080000000, 0x0000000100000000)
  region size 1024K, 1 young (1024K), 1 survivors (1024K)
 Metaspace       used 111482K, capacity 114750K, committed 114944K, reserved 1148928K
  class space    used 14165K, capacity 15300K, committed 15360K, reserved 1048576K
}
Event: 1800.180 GC heap before
{Heap before GC invocations=98 (full 0):
 garbage-first heap   total 157696K, used 138740K [0x0000000080000000, 0x0000000100000000)
  region size 1024K, 7 young (7168K), 1 survivors (1024K)
 Metaspace       used 111484K, capacity 114750K, committed 114944K, reserved 1148928K
  class space    used 14165K, capacity 15300K, committed 15360K, reserved 1048576K
}
Event: 1800.182 GC heap after
{Heap after GC invocations=99 (full 0):
 garbage-first heap   total 189440K, used 132599K [0x0000000080000000, 0x0000000100000000)
  region size 1024K, 1 young (1024K), 1 survivors (1024K)
 Metaspace       used 111484K, capacity 114750K, committed 114944K, reserved 1148928K
  class space    used 14165K, capacity 15300K, committed 15360K, reserved 1048576K
}
Event: 1800.359 GC heap before
{Heap before GC invocations=100 (full 0):
 garbage-first heap   total 189440K, used 137719K [0x0000000080000000, 0x0000000100000000)
  region size 1024K, 8 young (8192K), 1 survivors (1024K)
 Metaspace       used 111506K, capacity 114756K, committed 114944K, reserved 1148928K
  class space    used 14168K, capacity 15302K, committed 15360K, reserved 1048576K
}
Event: 1800.365 GC heap after
{Heap after GC invocations=101 (full 0):
 garbage-first heap   total 189440K, used 136779K [0x0000000080000000, 0x0000000100000000)
  region size 1024K, 3 young (3072K), 3 survivors (3072K)
 Metaspace       used 111506K, capacity 114756K, committed 114944K, reserved 1148928K
  class space    used 14168K, capacity 15302K, committed 15360K, reserved 1048576K
}
Event: 1800.568 GC heap before
{Heap before GC invocations=102 (full 0):
 garbage-first heap   total 189440K, used 169547K [0x0000000080000000, 0x0000000100000000)
  region size 1024K, 20 young (20480K), 3 survivors (3072K)
 Metaspace       used 111984K, capacity 115247K, committed 115456K, reserved 1148928K
  class space    used 14204K, capacity 15348K, committed 15360K, reserved 1048576K
}
Event: 1800.573 GC heap after
{Heap after GC invocations=103 (full 0):
 garbage-first heap   total 189440K, used 138873K [0x0000000080000000, 0x0000000100000000)
  region size 1024K, 3 young (3072K), 3 survivors (3072K)
 Metaspace       used 111984K, capacity 115247K, committed 115456K, reserved 1148928K
  class space    used 14204K, capacity 15348K, committed 15360K, reserved 1048576K
}
Event: 1800.723 GC heap before
{Heap before GC invocations=103 (full 0):
 garbage-first heap   total 189440K, used 154233K [0x0000000080000000, 0x0000000100000000)
  region size 1024K, 19 young (19456K), 3 survivors (3072K)
 Metaspace       used 113871K, capacity 117071K, committed 117120K, reserved 1150976K
  class space    used 14364K, capacity 15478K, committed 15488K, reserved 1048576K
}
Event: 1800.730 GC heap after
{Heap after GC invocations=104 (full 0):
 garbage-first heap   total 189440K, used 140716K [0x0000000080000000, 0x0000000100000000)
  region size 1024K, 3 young (3072K), 3 survivors (3072K)
 Metaspace       used 113871K, capacity 117071K, committed 117120K, reserved 1150976K
  class space    used 14364K, capacity 15478K, committed 15488K, reserved 1048576K
}
Event: 1800.941 GC heap before
{Heap before GC invocations=105 (full 0):
 garbage-first heap   total 189440K, used 148908K [0x0000000080000000, 0x0000000100000000)
  region size 1024K, 19 young (19456K), 3 survivors (3072K)
 Metaspace       used 115059K, capacity 118320K, committed 118528K, reserved 1153024K
  class space    used 14449K, capacity 15574K, committed 15616K, reserved 1048576K
}

Deoptimization events (20 events):
Event: 1800.872 Thread 0x0000019c3b89f000 DEOPT PACKING pc=0x0000019c198436b0 sp=0x0000005eb1ffd910
Event: 1800.872 Thread 0x0000019c3b89f000 DEOPT UNPACKING pc=0x0000019c16f576ce sp=0x0000005eb1ffce30 mode 0
Event: 1800.872 Thread 0x0000019c3b89f000 Uncommon trap: trap_request=0xffffff4d fr.pc=0x0000019c1f321508 relative=0x00000000000002c8
Event: 1800.872 Thread 0x0000019c3b89f000 Uncommon trap: reason=unstable_if action=reinterpret pc=0x0000019c1f321508 method=com.sun.org.apache.xerces.internal.impl.io.UTF8Reader.read([CII)I @ 131 c2
Event: 1800.872 Thread 0x0000019c3b89f000 DEOPT PACKING pc=0x0000019c1f321508 sp=0x0000005eb1ffda00
Event: 1800.872 Thread 0x0000019c3b89f000 DEOPT UNPACKING pc=0x0000019c16f578af sp=0x0000005eb1ffd938 mode 2
Event: 1800.874 Thread 0x0000019c3b89f000 DEOPT PACKING pc=0x0000019c198aaf01 sp=0x0000005eb1ffd940
Event: 1800.875 Thread 0x0000019c3b89f000 DEOPT UNPACKING pc=0x0000019c16f576ce sp=0x0000005eb1ffcdf8 mode 0
Event: 1800.881 Thread 0x0000019c2f5ab000 DEOPT PACKING pc=0x0000019c198c427f sp=0x0000005eb1efc660
Event: 1800.881 Thread 0x0000019c2f5ab000 DEOPT UNPACKING pc=0x0000019c16f576ce sp=0x0000005eb1efbba0 mode 0
Event: 1800.881 Thread 0x0000019c2f5ab000 DEOPT PACKING pc=0x0000019c198aaf01 sp=0x0000005eb1efc540
Event: 1800.881 Thread 0x0000019c2f5ab000 DEOPT UNPACKING pc=0x0000019c16f576ce sp=0x0000005eb1efb9f8 mode 0
Event: 1800.890 Thread 0x0000019c2f5a9800 DEOPT PACKING pc=0x0000019c198aaf01 sp=0x0000005eb1cfcc30
Event: 1800.890 Thread 0x0000019c2f5a9800 DEOPT UNPACKING pc=0x0000019c16f576ce sp=0x0000005eb1cfc0e8 mode 0
Event: 1800.906 Thread 0x0000019c3b8a1800 DEOPT PACKING pc=0x0000019c198aaf01 sp=0x0000005eb24fca10
Event: 1800.906 Thread 0x0000019c3b8a1800 DEOPT UNPACKING pc=0x0000019c16f576ce sp=0x0000005eb24fbec8 mode 0
Event: 1800.923 Thread 0x0000019c2f5ab000 DEOPT PACKING pc=0x0000019c198cc500 sp=0x0000005eb1efcc20
Event: 1800.923 Thread 0x0000019c2f5ab000 DEOPT UNPACKING pc=0x0000019c16f576ce sp=0x0000005eb1efc148 mode 0
Event: 1800.931 Thread 0x0000019c3b89c800 DEOPT PACKING pc=0x0000019c198aaf01 sp=0x0000005eb27fd680
Event: 1800.931 Thread 0x0000019c3b89c800 DEOPT UNPACKING pc=0x0000019c16f576ce sp=0x0000005eb27fcb38 mode 0

Classes redefined (0 events):
No events

Internal exceptions (20 events):
Event: 1799.299 Thread 0x0000019c3119b800 Exception <a 'java/lang/NoSuchMethodError'{0x00000000895047b0}: <clinit>> (0x00000000895047b0) thrown at [./src/hotspot/share/prims/jni.cpp, line 1362]
Event: 1799.301 Thread 0x0000019c3119b800 Exception <a 'java/lang/NoSuchMethodError'{0x0000000089519a20}: <clinit>> (0x0000000089519a20) thrown at [./src/hotspot/share/prims/jni.cpp, line 1362]
Event: 1799.306 Thread 0x0000019c3119b800 Exception <a 'java/lang/NoSuchMethodError'{0x00000000895aa390}: <clinit>> (0x00000000895aa390) thrown at [./src/hotspot/share/prims/jni.cpp, line 1362]
Event: 1799.306 Thread 0x0000019c3119b800 Exception <a 'java/lang/NoSuchMethodError'{0x00000000895ad750}: <clinit>> (0x00000000895ad750) thrown at [./src/hotspot/share/prims/jni.cpp, line 1362]
Event: 1799.306 Thread 0x0000019c3119b800 Exception <a 'java/lang/NoSuchMethodError'{0x00000000895b2b70}: <clinit>> (0x00000000895b2b70) thrown at [./src/hotspot/share/prims/jni.cpp, line 1362]
Event: 1799.306 Thread 0x0000019c3119b800 Exception <a 'java/lang/NoSuchMethodError'{0x00000000895beb08}: <clinit>> (0x00000000895beb08) thrown at [./src/hotspot/share/prims/jni.cpp, line 1362]
Event: 1799.309 Thread 0x0000019c3119b800 Exception <a 'java/lang/NoSuchMethodError'{0x00000000894259b0}: <clinit>> (0x00000000894259b0) thrown at [./src/hotspot/share/prims/jni.cpp, line 1362]
Event: 1799.310 Thread 0x0000019c3119b800 Exception <a 'java/lang/NoSuchMethodError'{0x0000000089468a80}: <clinit>> (0x0000000089468a80) thrown at [./src/hotspot/share/prims/jni.cpp, line 1362]
Event: 1799.310 Thread 0x0000019c3119b800 Exception <a 'java/lang/NoSuchMethodError'{0x000000008946c6e0}: <clinit>> (0x000000008946c6e0) thrown at [./src/hotspot/share/prims/jni.cpp, line 1362]
Event: 1799.311 Thread 0x0000019c3119b800 Exception <a 'java/lang/NoSuchMethodError'{0x000000008946fdf0}: <clinit>> (0x000000008946fdf0) thrown at [./src/hotspot/share/prims/jni.cpp, line 1362]
Event: 1799.311 Thread 0x0000019c3119b800 Exception <a 'java/lang/NoSuchMethodError'{0x000000008948f568}: <clinit>> (0x000000008948f568) thrown at [./src/hotspot/share/prims/jni.cpp, line 1362]
Event: 1799.312 Thread 0x0000019c3119b800 Exception <a 'java/lang/NoSuchMethodError'{0x00000000894ada70}: <clinit>> (0x00000000894ada70) thrown at [./src/hotspot/share/prims/jni.cpp, line 1362]
Event: 1799.314 Thread 0x0000019c3119b800 Exception <a 'java/lang/NoSuchMethodError'{0x00000000894c87c0}: <clinit>> (0x00000000894c87c0) thrown at [./src/hotspot/share/prims/jni.cpp, line 1362]
Event: 1799.316 Thread 0x0000019c3119b800 Exception <a 'java/lang/NoSuchMethodError'{0x00000000894f5390}: <clinit>> (0x00000000894f5390) thrown at [./src/hotspot/share/prims/jni.cpp, line 1362]
Event: 1799.323 Thread 0x0000019c3119b800 Exception <a 'java/lang/NoSuchMethodError'{0x00000000899263b8}: <clinit>> (0x00000000899263b8) thrown at [./src/hotspot/share/prims/jni.cpp, line 1362]
Event: 1799.325 Thread 0x0000019c3119b800 Exception <a 'java/lang/NoSuchMethodError'{0x000000008993fc08}: <clinit>> (0x000000008993fc08) thrown at [./src/hotspot/share/prims/jni.cpp, line 1362]
Event: 1800.348 Thread 0x0000019c3119b800 Implicit null exception at 0x0000019c1f532fb9 to 0x0000019c1f53748c
Event: 1800.349 Thread 0x0000019c3119b800 Implicit null exception at 0x0000019c1f532fb9 to 0x0000019c1f53748c
Event: 1800.409 Thread 0x0000019c3119b800 Implicit null exception at 0x0000019c1f532fb9 to 0x0000019c1f53748c
Event: 1800.489 Thread 0x0000019c3119b800 Exception <a 'java/lang/NoSuchMethodError'{0x000000008b5a2ae0}: <clinit>> (0x000000008b5a2ae0) thrown at [./src/hotspot/share/prims/jni.cpp, line 1362]

Events (20 events):
Event: 1800.776 loading class com/google/protobuf/ByteString$BoundedByteString done
Event: 1800.777 loading class com/google/protobuf/NioByteString
Event: 1800.777 loading class com/google/protobuf/NioByteString done
Event: 1800.780 loading class com/google/protobuf/ByteString$ArraysByteArrayCopier
Event: 1800.780 loading class com/google/protobuf/ByteString$ArraysByteArrayCopier done
Event: 1800.781 loading class com/google/protobuf/ByteString$2
Event: 1800.781 loading class com/google/protobuf/ByteString$2 done
Event: 1800.781 loading class com/android/aapt/Resources$StringPool$1
Event: 1800.781 loading class com/android/aapt/Resources$StringPool$1 done
Event: 1800.781 loading class com/android/aapt/Resources$StringPool$Builder
Event: 1800.781 loading class com/android/aapt/Resources$StringPool$Builder done
Event: 1800.783 loading class com/android/aaptcompiler/Container$EntryType
Event: 1800.783 loading class com/android/aaptcompiler/Container$EntryType done
Event: 1800.784 loading class com/google/protobuf/WireFormat
Event: 1800.784 loading class com/google/protobuf/WireFormat done
Event: 1800.817 Executing VM operation: CGC_Operation
Event: 1800.828 Executing VM operation: CGC_Operation done
Event: 1800.873 Executing VM operation: CGC_Operation
Event: 1800.873 Executing VM operation: CGC_Operation done
Event: 1800.940 Executing VM operation: G1CollectForAllocation


Dynamic libraries:
0x00007ff626d50000 - 0x00007ff626d5a000 	D:\Android Studio\jre\bin\java.exe
0x00007ffb795c0000 - 0x00007ffb797c7000 	C:\WINDOWS\SYSTEM32\ntdll.dll
0x00007ffb788d0000 - 0x00007ffb7898d000 	C:\WINDOWS\System32\KERNEL32.DLL
0x00007ffb76aa0000 - 0x00007ffb76e14000 	C:\WINDOWS\System32\KERNELBASE.dll
0x00007ffb770d0000 - 0x00007ffb771e1000 	C:\WINDOWS\System32\ucrtbase.dll
0x00007ffb4ca10000 - 0x00007ffb4ca27000 	D:\Android Studio\jre\bin\VCRUNTIME140.dll
0x00007ffb479a0000 - 0x00007ffb479b9000 	D:\Android Studio\jre\bin\jli.dll
0x00007ffb78ac0000 - 0x00007ffb78c6c000 	C:\WINDOWS\System32\USER32.dll
0x00007ffb66e30000 - 0x00007ffb670d5000 	C:\WINDOWS\WinSxS\amd64_microsoft.windows.common-controls_6595b64144ccf1df_6.0.22000.120_none_9d947278b86cc467\COMCTL32.dll
0x00007ffb77420000 - 0x00007ffb77446000 	C:\WINDOWS\System32\win32u.dll
0x00007ffb77480000 - 0x00007ffb77523000 	C:\WINDOWS\System32\msvcrt.dll
0x00007ffb794b0000 - 0x00007ffb794d9000 	C:\WINDOWS\System32\GDI32.dll
0x00007ffb76e20000 - 0x00007ffb76f32000 	C:\WINDOWS\System32\gdi32full.dll
0x00007ffb76f40000 - 0x00007ffb76fdd000 	C:\WINDOWS\System32\msvcp_win.dll
0x00007ffb78650000 - 0x00007ffb78681000 	C:\WINDOWS\System32\IMM32.DLL
0x00007ffb25be0000 - 0x00007ffb25c7d000 	D:\Android Studio\jre\bin\msvcp140.dll
0x00007ffb175c0000 - 0x00007ffb1808f000 	D:\Android Studio\jre\bin\server\jvm.dll
0x00007ffb77530000 - 0x00007ffb775dc000 	C:\WINDOWS\System32\ADVAPI32.dll
0x00007ffb794e0000 - 0x00007ffb7957d000 	C:\WINDOWS\System32\sechost.dll
0x00007ffb784a0000 - 0x00007ffb785c1000 	C:\WINDOWS\System32\RPCRT4.dll
0x00007ffb78c70000 - 0x00007ffb78c78000 	C:\WINDOWS\System32\PSAPI.DLL
0x00007ffb6d490000 - 0x00007ffb6d4c3000 	C:\WINDOWS\SYSTEM32\WINMM.dll
0x00007ffb4f230000 - 0x00007ffb4f239000 	C:\WINDOWS\SYSTEM32\WSOCK32.dll
0x00007ffb6fc90000 - 0x00007ffb6fc9a000 	C:\WINDOWS\SYSTEM32\VERSION.dll
0x00007ffb775e0000 - 0x00007ffb7764f000 	C:\WINDOWS\System32\WS2_32.dll
0x00007ffb75c30000 - 0x00007ffb75c48000 	C:\WINDOWS\SYSTEM32\kernel.appcore.dll
0x00007ffb65b20000 - 0x00007ffb65b31000 	D:\Android Studio\jre\bin\verify.dll
0x00007ffb6b7f0000 - 0x00007ffb6ba11000 	C:\WINDOWS\SYSTEM32\DBGHELP.DLL
0x00007ffb4d740000 - 0x00007ffb4d771000 	C:\WINDOWS\SYSTEM32\dbgcore.DLL
0x00007ffb76fe0000 - 0x00007ffb77060000 	C:\WINDOWS\System32\bcryptPrimitives.dll
0x00007ffb65af0000 - 0x00007ffb65b19000 	D:\Android Studio\jre\bin\java.dll
0x00007ffb65ae0000 - 0x00007ffb65aeb000 	D:\Android Studio\jre\bin\jimage.dll
0x00007ffb65ac0000 - 0x00007ffb65ad8000 	D:\Android Studio\jre\bin\zip.dll
0x00007ffb77c00000 - 0x00007ffb783aa000 	C:\WINDOWS\System32\SHELL32.dll
0x00007ffb74c10000 - 0x00007ffb75472000 	C:\WINDOWS\SYSTEM32\windows.storage.dll
0x00007ffb77650000 - 0x00007ffb779c8000 	C:\WINDOWS\System32\combase.dll
0x00007ffb74aa0000 - 0x00007ffb74c06000 	C:\WINDOWS\SYSTEM32\wintypes.dll
0x00007ffb783b0000 - 0x00007ffb7849a000 	C:\WINDOWS\System32\SHCORE.dll
0x00007ffb78990000 - 0x00007ffb789ed000 	C:\WINDOWS\System32\shlwapi.dll
0x00007ffb769d0000 - 0x00007ffb769f1000 	C:\WINDOWS\SYSTEM32\profapi.dll
0x00007ffb65a80000 - 0x00007ffb65a9a000 	D:\Android Studio\jre\bin\net.dll
0x00007ffb71900000 - 0x00007ffb71a0c000 	C:\WINDOWS\SYSTEM32\WINHTTP.dll
0x00007ffb760c0000 - 0x00007ffb76127000 	C:\WINDOWS\system32\mswsock.dll
0x00007ffb65a60000 - 0x00007ffb65a74000 	D:\Android Studio\jre\bin\nio.dll
0x00007ffb26bd0000 - 0x00007ffb26bf7000 	C:\Users\ROG\.gradle\native\8bec1ad78214c89d9ad589b4d07fe93259594b29d510b10fafb7a158f7737e5d\windows-amd64\native-platform.dll
0x00007ffb26a90000 - 0x00007ffb26bcd000 	C:\Users\ROG\.gradle\native\53dbd7edfb1c66fb8903c78663c9afc45aea4f116125fa6feffd364cf09443e8\windows-amd64\native-platform-file-events.dll
0x00007ffb65a50000 - 0x00007ffb65a5a000 	D:\Android Studio\jre\bin\management.dll
0x00007ffb65a40000 - 0x00007ffb65a4c000 	D:\Android Studio\jre\bin\management_ext.dll
0x00007ffb76300000 - 0x00007ffb76318000 	C:\WINDOWS\SYSTEM32\CRYPTSP.dll
0x00007ffb75b90000 - 0x00007ffb75bc5000 	C:\WINDOWS\system32\rsaenh.dll
0x00007ffb761b0000 - 0x00007ffb761d9000 	C:\WINDOWS\SYSTEM32\USERENV.dll
0x00007ffb76480000 - 0x00007ffb764a7000 	C:\WINDOWS\SYSTEM32\bcrypt.dll
0x00007ffb76320000 - 0x00007ffb7632c000 	C:\WINDOWS\SYSTEM32\CRYPTBASE.dll
0x00007ffb756d0000 - 0x00007ffb756fd000 	C:\WINDOWS\SYSTEM32\IPHLPAPI.DLL
0x00007ffb78690000 - 0x00007ffb78699000 	C:\WINDOWS\System32\NSI.dll
0x00007ffb718e0000 - 0x00007ffb718f9000 	C:\WINDOWS\SYSTEM32\dhcpcsvc6.DLL
0x00007ffb72070000 - 0x00007ffb7208e000 	C:\WINDOWS\SYSTEM32\dhcpcsvc.DLL
0x00007ffb75700000 - 0x00007ffb757e7000 	C:\WINDOWS\SYSTEM32\DNSAPI.dll
0x00007ffb656b0000 - 0x00007ffb656d7000 	D:\Android Studio\jre\bin\sunec.dll
0x00007ffb6fd80000 - 0x00007ffb6fd8a000 	C:\Windows\System32\rasadhlp.dll
0x00007ffb70d00000 - 0x00007ffb70d81000 	C:\WINDOWS\System32\fwpuclnt.dll

dbghelp: loaded successfully - version: 4.0.5 - missing functions: none
symbol engine: initialized successfully - sym options: 0x614 - pdb path: .;D:\Android Studio\jre\bin;C:\WINDOWS\SYSTEM32;C:\WINDOWS\WinSxS\amd64_microsoft.windows.common-controls_6595b64144ccf1df_6.0.22000.120_none_9d947278b86cc467;D:\Android Studio\jre\bin\server;C:\Users\ROG\.gradle\native\8bec1ad78214c89d9ad589b4d07fe93259594b29d510b10fafb7a158f7737e5d\windows-amd64;C:\Users\ROG\.gradle\native\53dbd7edfb1c66fb8903c78663c9afc45aea4f116125fa6feffd364cf09443e8\windows-amd64

VM Arguments:
jvm_args: --add-opens=java.base/java.util=ALL-UNNAMED --add-opens=java.base/java.lang=ALL-UNNAMED --add-opens=java.base/java.lang.invoke=ALL-UNNAMED --add-opens=java.base/java.util=ALL-UNNAMED --add-opens=java.prefs/java.util.prefs=ALL-UNNAMED --add-opens=java.prefs/java.util.prefs=ALL-UNNAMED --add-opens=java.base/java.nio.charset=ALL-UNNAMED --add-opens=java.base/java.net=ALL-UNNAMED --add-opens=java.base/java.util.concurrent.atomic=ALL-UNNAMED -Xmx2048m -Dfile.encoding=UTF-8 -Duser.country=PH -Duser.language=en -Duser.variant 
java_command: org.gradle.launcher.daemon.bootstrap.GradleDaemon 7.0.2
java_class_path (initial): C:\Users\ROG\.gradle\wrapper\dists\gradle-7.0.2-bin\857tjihv64xamwrf0h14cai3r\gradle-7.0.2\lib\gradle-launcher-7.0.2.jar
Launcher Type: SUN_STANDARD

[Global flags]
     intx CICompilerCount                          = 4                                         {product} {ergonomic}
     uint ConcGCThreads                            = 3                                         {product} {ergonomic}
     uint G1ConcRefinementThreads                  = 10                                        {product} {ergonomic}
   size_t G1HeapRegionSize                         = 1048576                                   {product} {ergonomic}
    uintx GCDrainStackTargetSize                   = 64                                        {product} {ergonomic}
   size_t InitialHeapSize                          = 134217728                                 {product} {ergonomic}
   size_t MarkStackSize                            = 4194304                                   {product} {ergonomic}
   size_t MaxHeapSize                              = 2147483648                                {product} {command line}
   size_t MaxNewSize                               = 1287651328                                {product} {ergonomic}
   size_t MinHeapDeltaBytes                        = 1048576                                   {product} {ergonomic}
    uintx NonNMethodCodeHeapSize                   = 5836300                                {pd product} {ergonomic}
    uintx NonProfiledCodeHeapSize                  = 122910970                              {pd product} {ergonomic}
    uintx ProfiledCodeHeapSize                     = 122910970                              {pd product} {ergonomic}
    uintx ReservedCodeCacheSize                    = 251658240                              {pd product} {ergonomic}
     bool SegmentedCodeCache                       = true                                      {product} {ergonomic}
     bool UseCompressedClassPointers               = true                                 {lp64_product} {ergonomic}
     bool UseCompressedOops                        = true                                 {lp64_product} {ergonomic}
     bool UseG1GC                                  = true                                      {product} {ergonomic}
     bool UseLargePagesIndividualAllocation        = false                                  {pd product} {ergonomic}

Logging:
Log output configuration:
 #0: stdout all=warning uptime,level,tags
 #1: stderr all=off uptime,level,tags

Environment Variables:
JAVA_HOME=C:\Program Files\Java\jdk1.8.0_77
PATH=C:\Program Files (x86)\Razer Chroma SDK\bin;C:\Program Files\Razer Chroma SDK\bin;C:\Program Files (x86)\Razer\ChromaBroadcast\bin;C:\Program Files\Razer\ChromaBroadcast\bin;C:\Program Files (x86)\Common Files\Oracle\Java\javapath;C:\ProgramData\Oracle\Java\javapath;C:\Windows\system32;C:\Windows;C:\Windows\System32\Wbem;C:\Windows\System32\WindowsPowerShell\v1.0\;C:\Windows\System32\OpenSSH\;C:\Program Files (x86)\NVIDIA Corporation\PhysX\Common;C:\Program Files\NVIDIA Corporation\NVIDIA NvDLISR;C:\Windows\system32\config\systemprofile\AppData\Local\Microsoft\WindowsApps;C:\Users\ROG\AppData\Local\Microsoft\WindowsApps;C:\WINDOWS\system32;C:\WINDOWS;C:\WINDOWS\System32\Wbem;C:\WINDOWS\System32\WindowsPowerShell\v1.0\;C:\WINDOWS\System32\OpenSSH\;C:\Program Files\Microsoft SQL Server\130\Tools\Binn\;C:\Program Files\nodejs\;C:\Program Files\Git\cmd;C:\Program Files\dotnet\;C:\Users\ROG\AppData\Local\Microsoft\WindowsApps;C:\Users\ROG\AppData\Local\Programs\Microsoft VS Code\bin;C:\Users\ROG\AppData\Roaming\npm;C:\Users\ROG\AppData\Local\GitHubDesktop\bin;C:\Users\ROG\.dotnet\tools;C:\Program Files\kotlinc\bin;
USERNAME=ROG
OS=Windows_NT
PROCESSOR_IDENTIFIER=AMD64 Family 23 Model 8 Stepping 2, AuthenticAMD



---------------  S Y S T E M  ---------------

OS: Windows 10 , 64 bit Build 22000 (10.0.22000.318)
OS uptime: 0 days 3:59 hours

CPU:total 12 (initial active 12) (12 cores per cpu, 2 threads per core) family 23 model 8 stepping 2 microcode 0x0, cmov, cx8, fxsr, mmx, sse, sse2, sse3, ssse3, sse4.1, sse4.2, popcnt, avx, avx2, aes, clmul, mmxext, 3dnowpref, lzcnt, sse4a, ht, tsc, tscinvbit, tscinv, bmi1, bmi2, adx, s

Memory: 4k page, system-wide physical 8117M (1300M free)
TotalPageFile size 14669M (AvailPageFile size 113M)
current process WorkingSet (physical memory assigned to process): 437M, peak: 524M
current process commit charge ("private bytes"): 575M, peak: 709M

vm_info: OpenJDK 64-Bit Server VM (11.0.10+0-b96-7249189) for windows-amd64 JRE (11.0.10+0-b96-7249189), built on Mar 31 2021 21:44:00 by "builder" with MS VC++ 14.0 (VS2015)

END.
